# JRE version: OpenJDK Runtime Environment Temurin-21.0.9+10 (21.0.9+10) (build 21.0.9+10-LTS)
# Java VM: OpenJDK 64-Bit Server VM Temurin-21.0.9+10 (21.0.9+10-LTS, mixed mode, sharing, tiered, compressed oops, compressed class ptrs, parallel gc, windows-amd64)
GC Precious Log:
 CardTable entry size: 512
 CPUs: 8 total, 8 available
 Memory: 32726M
 Large Page Support: Disabled
 NUMA Support: Disabled
 Compressed Oops: Enabled (32-bit)
 Alignments: Space 512K, Generation 512K, Heap 2M
 Heap Min Capacity: 100M
 Heap Initial Capacity: 100M
 Heap Max Capacity: 2G
 Pre-touch: Disabled
 Parallel Workers: 8
Heap:
 PSYoungGen      total 2560K, used 1041K [0x00000000d5580000, 0x00000000d5980000, 0x0000000100000000)
  eden space 2048K, 50% used [0x00000000d5580000,0x00000000d5684648,0x00000000d5780000)
  from space 512K, 0% used [0x00000000d5880000,0x00000000d5880000,0x00000000d5900000)
  to   space 1024K, 0% used [0x00000000d5780000,0x00000000d5780000,0x00000000d5880000)
 ParOldGen       total 206848K, used 56511K [0x0000000080000000, 0x000000008ca00000, 0x00000000d5580000)
  object space 206848K, 27% used [0x0000000080000000,0x000000008372fcf8,0x000000008ca00000)
 Metaspace       used 80275K, committed 81984K, reserved 1179648K
  class space    used 8560K, committed 9344K, reserved 1048576K
GC Heap History (20 events):
Event: 1379.237 GC heap before
{Heap before GC invocations=247 (full 3):
 PSYoungGen      total 3072K, used 2304K [0x00000000d5580000, 0x00000000d5900000, 0x0000000100000000)
  eden space 2048K, 100% used [0x00000000d5580000,0x00000000d5780000,0x00000000d5780000)
  from space 1024K, 25% used [0x00000000d5780000,0x00000000d57c0000,0x00000000d5880000)
  to   space 512K, 0% used [0x00000000d5880000,0x00000000d5880000,0x00000000d5900000)
 ParOldGen       total 205312K, used 204986K [0x0000000080000000, 0x000000008c880000, 0x00000000d5580000)
  object space 205312K, 99% used [0x0000000080000000,0x000000008c82ea60,0x000000008c880000)
 Metaspace       used 80233K, committed 81920K, reserved 1179648K
  class space    used 8561K, committed 9344K, reserved 1048576K
}
Event: 1379.241 GC heap after
{Heap after GC invocations=247 (full 3):
 PSYoungGen      total 2560K, used 384K [0x00000000d5580000, 0x00000000d5900000, 0x0000000100000000)
  eden space 2048K, 0% used [0x00000000d5580000,0x00000000d5580000,0x00000000d5780000)
  from space 512K, 75% used [0x00000000d5880000,0x00000000d58e0000,0x00000000d5900000)
  to   space 512K, 0% used [0x00000000d5800000,0x00000000d5800000,0x00000000d5880000)
 ParOldGen       total 205312K, used 205130K [0x0000000080000000, 0x000000008c880000, 0x00000000d5580000)
  object space 205312K, 99% used [0x0000000080000000,0x000000008c852a60,0x000000008c880000)
 Metaspace       used 80233K, committed 81920K, reserved 1179648K
  class space    used 8561K, committed 9344K, reserved 1048576K
}
Event: 1379.335 GC heap before
{Heap before GC invocations=248 (full 3):
 PSYoungGen      total 2560K, used 2432K [0x00000000d5580000, 0x00000000d5900000, 0x0000000100000000)
  eden space 2048K, 100% used [0x00000000d5580000,0x00000000d5780000,0x00000000d5780000)
  from space 512K, 75% used [0x00000000d5880000,0x00000000d58e0000,0x00000000d5900000)
  to   space 512K, 0% used [0x00000000d5800000,0x00000000d5800000,0x00000000d5880000)
 ParOldGen       total 205312K, used 205130K [0x0000000080000000, 0x000000008c880000, 0x00000000d5580000)
  object space 205312K, 99% used [0x0000000080000000,0x000000008c852a60,0x000000008c880000)
 Metaspace       used 80252K, committed 81984K, reserved 1179648K
  class space    used 8561K, committed 9344K, reserved 1048576K
}
Event: 1379.336 GC heap after
{Heap after GC invocations=248 (full 3):
 PSYoungGen      total 2560K, used 336K [0x00000000d5580000, 0x00000000d5900000, 0x0000000100000000)
  eden space 2048K, 0% used [0x00000000d5580000,0x00000000d5580000,0x00000000d5780000)
  from space 512K, 65% used [0x00000000d5800000,0x00000000d5854010,0x00000000d5880000)
  to   space 512K, 0% used [0x00000000d5880000,0x00000000d5880000,0x00000000d5900000)
 ParOldGen       total 205312K, used 205186K [0x0000000080000000, 0x000000008c880000, 0x00000000d5580000)
  object space 205312K, 99% used [0x0000000080000000,0x000000008c860a60,0x000000008c880000)
 Metaspace       used 80252K, committed 81984K, reserved 1179648K
  class space    used 8561K, committed 9344K, reserved 1048576K
}
Event: 1379.520 GC heap before
{Heap before GC invocations=249 (full 3):
 PSYoungGen      total 2560K, used 2384K [0x00000000d5580000, 0x00000000d5900000, 0x0000000100000000)
  eden space 2048K, 100% used [0x00000000d5580000,0x00000000d5780000,0x00000000d5780000)
  from space 512K, 65% used [0x00000000d5800000,0x00000000d5854010,0x00000000d5880000)
  to   space 512K, 0% used [0x00000000d5880000,0x00000000d5880000,0x00000000d5900000)
 ParOldGen       total 205312K, used 205186K [0x0000000080000000, 0x000000008c880000, 0x00000000d5580000)
  object space 205312K, 99% used [0x0000000080000000,0x000000008c860a60,0x000000008c880000)
 Metaspace       used 80253K, committed 81984K, reserved 1179648K
  class space    used 8561K, committed 9344K, reserved 1048576K
}
Event: 1379.520 GC heap after
{Heap after GC invocations=249 (full 3):
 PSYoungGen      total 2560K, used 208K [0x00000000d5580000, 0x00000000d5900000, 0x0000000100000000)
  eden space 2048K, 0% used [0x00000000d5580000,0x00000000d5580000,0x00000000d5780000)
  from space 512K, 40% used [0x00000000d5880000,0x00000000d58b4010,0x00000000d5900000)
  to   space 512K, 0% used [0x00000000d5800000,0x00000000d5800000,0x00000000d5880000)
 ParOldGen       total 205312K, used 205186K [0x0000000080000000, 0x000000008c880000, 0x00000000d5580000)
  object space 205312K, 99% used [0x0000000080000000,0x000000008c860a60,0x000000008c880000)
 Metaspace       used 80253K, committed 81984K, reserved 1179648K
  class space    used 8561K, committed 9344K, reserved 1048576K
}
Event: 1379.926 GC heap before
{Heap before GC invocations=250 (full 3):
 PSYoungGen      total 2560K, used 2254K [0x00000000d5580000, 0x00000000d5900000, 0x0000000100000000)
  eden space 2048K, 99% used [0x00000000d5580000,0x00000000d577fb80,0x00000000d5780000)
  from space 512K, 40% used [0x00000000d5880000,0x00000000d58b4010,0x00000000d5900000)
  to   space 512K, 0% used [0x00000000d5800000,0x00000000d5800000,0x00000000d5880000)
 ParOldGen       total 205312K, used 205186K [0x0000000080000000, 0x000000008c880000, 0x00000000d5580000)
  object space 205312K, 99% used [0x0000000080000000,0x000000008c860a60,0x000000008c880000)
 Metaspace       used 80253K, committed 81984K, reserved 1179648K
  class space    used 8561K, committed 9344K, reserved 1048576K
}
Event: 1379.928 GC heap after
{Heap after GC invocations=250 (full 3):
 PSYoungGen      total 2560K, used 448K [0x00000000d5580000, 0x00000000d5900000, 0x0000000100000000)
  eden space 2048K, 0% used [0x00000000d5580000,0x00000000d5580000,0x00000000d5780000)
  from space 512K, 87% used [0x00000000d5800000,0x00000000d5870000,0x00000000d5880000)
  to   space 512K, 0% used [0x00000000d5880000,0x00000000d5880000,0x00000000d5900000)
 ParOldGen       total 205824K, used 205319K [0x0000000080000000, 0x000000008c900000, 0x00000000d5580000)
  object space 205824K, 99% used [0x0000000080000000,0x000000008c881ef0,0x000000008c900000)
 Metaspace       used 80253K, committed 81984K, reserved 1179648K
  class space    used 8561K, committed 9344K, reserved 1048576K
}
Event: 1380.294 GC heap before
{Heap before GC invocations=251 (full 3):
 PSYoungGen      total 2560K, used 2496K [0x00000000d5580000, 0x00000000d5900000, 0x0000000100000000)
  eden space 2048K, 100% used [0x00000000d5580000,0x00000000d5780000,0x00000000d5780000)
  from space 512K, 87% used [0x00000000d5800000,0x00000000d5870000,0x00000000d5880000)
  to   space 512K, 0% used [0x00000000d5880000,0x00000000d5880000,0x00000000d5900000)
 ParOldGen       total 205824K, used 205319K [0x0000000080000000, 0x000000008c900000, 0x00000000d5580000)
  object space 205824K, 99% used [0x0000000080000000,0x000000008c881ef0,0x000000008c900000)
 Metaspace       used 80255K, committed 81984K, reserved 1179648K
  class space    used 8561K, committed 9344K, reserved 1048576K
}
Event: 1380.296 GC heap after
{Heap after GC invocations=251 (full 3):
 PSYoungGen      total 2560K, used 256K [0x00000000d5580000, 0x00000000d5900000, 0x0000000100000000)
  eden space 2048K, 0% used [0x00000000d5580000,0x00000000d5580000,0x00000000d5780000)
  from space 512K, 50% used [0x00000000d5880000,0x00000000d58c0000,0x00000000d5900000)
  to   space 512K, 0% used [0x00000000d5800000,0x00000000d5800000,0x00000000d5880000)
 ParOldGen       total 205824K, used 205663K [0x0000000080000000, 0x000000008c900000, 0x00000000d5580000)
  object space 205824K, 99% used [0x0000000080000000,0x000000008c8d7ef0,0x000000008c900000)
 Metaspace       used 80255K, committed 81984K, reserved 1179648K
  class space    used 8561K, committed 9344K, reserved 1048576K
}
Event: 1380.380 GC heap before
{Heap before GC invocations=252 (full 3):
 PSYoungGen      total 2560K, used 2304K [0x00000000d5580000, 0x00000000d5900000, 0x0000000100000000)
  eden space 2048K, 100% used [0x00000000d5580000,0x00000000d5780000,0x00000000d5780000)
  from space 512K, 50% used [0x00000000d5880000,0x00000000d58c0000,0x00000000d5900000)
  to   space 512K, 0% used [0x00000000d5800000,0x00000000d5800000,0x00000000d5880000)
 ParOldGen       total 205824K, used 205663K [0x0000000080000000, 0x000000008c900000, 0x00000000d5580000)
  object space 205824K, 99% used [0x0000000080000000,0x000000008c8d7ef0,0x000000008c900000)
 Metaspace       used 80255K, committed 81984K, reserved 1179648K
  class space    used 8561K, committed 9344K, reserved 1048576K
}
Event: 1380.381 GC heap after
{Heap after GC invocations=252 (full 3):
 PSYoungGen      total 2560K, used 512K [0x00000000d5580000, 0x00000000d5980000, 0x0000000100000000)
  eden space 2048K, 0% used [0x00000000d5580000,0x00000000d5580000,0x00000000d5780000)
  from space 512K, 100% used [0x00000000d5800000,0x00000000d5880000,0x00000000d5880000)
  to   space 1024K, 0% used [0x00000000d5880000,0x00000000d5880000,0x00000000d5980000)
 ParOldGen       total 205824K, used 205727K [0x0000000080000000, 0x000000008c900000, 0x00000000d5580000)
  object space 205824K, 99% used [0x0000000080000000,0x000000008c8e7ef0,0x000000008c900000)
 Metaspace       used 80255K, committed 81984K, reserved 1179648K
  class space    used 8561K, committed 9344K, reserved 1048576K
}
Event: 1380.423 GC heap before
{Heap before GC invocations=253 (full 3):
 PSYoungGen      total 2560K, used 2560K [0x00000000d5580000, 0x00000000d5980000, 0x0000000100000000)
  eden space 2048K, 100% used [0x00000000d5580000,0x00000000d5780000,0x00000000d5780000)
  from space 512K, 100% used [0x00000000d5800000,0x00000000d5880000,0x00000000d5880000)
  to   space 1024K, 0% used [0x00000000d5880000,0x00000000d5880000,0x00000000d5980000)
 ParOldGen       total 205824K, used 205727K [0x0000000080000000, 0x000000008c900000, 0x00000000d5580000)
  object space 205824K, 99% used [0x0000000080000000,0x000000008c8e7ef0,0x000000008c900000)
 Metaspace       used 80263K, committed 81984K, reserved 1179648K
  class space    used 8561K, committed 9344K, reserved 1048576K
}
Event: 1380.424 GC heap after
{Heap after GC invocations=253 (full 3):
 PSYoungGen      total 2560K, used 352K [0x00000000d5580000, 0x00000000d5900000, 0x0000000100000000)
  eden space 2048K, 0% used [0x00000000d5580000,0x00000000d5580000,0x00000000d5780000)
  from space 512K, 68% used [0x00000000d5880000,0x00000000d58d8000,0x00000000d5900000)
  to   space 512K, 0% used [0x00000000d5800000,0x00000000d5800000,0x00000000d5880000)
 ParOldGen       total 206336K, used 206246K [0x0000000080000000, 0x000000008c980000, 0x00000000d5580000)
  object space 206336K, 99% used [0x0000000080000000,0x000000008c969930,0x000000008c980000)
 Metaspace       used 80263K, committed 81984K, reserved 1179648K
  class space    used 8561K, committed 9344K, reserved 1048576K
}
Event: 1380.568 GC heap before
{Heap before GC invocations=254 (full 3):
 PSYoungGen      total 2560K, used 2400K [0x00000000d5580000, 0x00000000d5900000, 0x0000000100000000)
  eden space 2048K, 100% used [0x00000000d5580000,0x00000000d5780000,0x00000000d5780000)
  from space 512K, 68% used [0x00000000d5880000,0x00000000d58d8000,0x00000000d5900000)
  to   space 512K, 0% used [0x00000000d5800000,0x00000000d5800000,0x00000000d5880000)
 ParOldGen       total 206336K, used 206246K [0x0000000080000000, 0x000000008c980000, 0x00000000d5580000)
  object space 206336K, 99% used [0x0000000080000000,0x000000008c969930,0x000000008c980000)
 Metaspace       used 80266K, committed 81984K, reserved 1179648K
  class space    used 8561K, committed 9344K, reserved 1048576K
}
Event: 1380.569 GC heap after
{Heap after GC invocations=254 (full 3):
 PSYoungGen      total 2560K, used 224K [0x00000000d5580000, 0x00000000d5900000, 0x0000000100000000)
  eden space 2048K, 0% used [0x00000000d5580000,0x00000000d5580000,0x00000000d5780000)
  from space 512K, 43% used [0x00000000d5800000,0x00000000d5838000,0x00000000d5880000)
  to   space 512K, 0% used [0x00000000d5880000,0x00000000d5880000,0x00000000d5900000)
 ParOldGen       total 206848K, used 206350K [0x0000000080000000, 0x000000008ca00000, 0x00000000d5580000)
  object space 206848K, 99% used [0x0000000080000000,0x000000008c983930,0x000000008ca00000)
 Metaspace       used 80266K, committed 81984K, reserved 1179648K
  class space    used 8561K, committed 9344K, reserved 1048576K
}
Event: 1380.810 GC heap before
{Heap before GC invocations=255 (full 3):
 PSYoungGen      total 2560K, used 1859K [0x00000000d5580000, 0x00000000d5900000, 0x0000000100000000)
  eden space 2048K, 79% used [0x00000000d5580000,0x00000000d5718d30,0x00000000d5780000)
  from space 512K, 43% used [0x00000000d5800000,0x00000000d5838000,0x00000000d5880000)
  to   space 512K, 0% used [0x00000000d5880000,0x00000000d5880000,0x00000000d5900000)
 ParOldGen       total 206848K, used 206350K [0x0000000080000000, 0x000000008ca00000, 0x00000000d5580000)
  object space 206848K, 99% used [0x0000000080000000,0x000000008c983930,0x000000008ca00000)
 Metaspace       used 80272K, committed 81984K, reserved 1179648K
  class space    used 8561K, committed 9344K, reserved 1048576K
}
Event: 1380.812 GC heap after
{Heap after GC invocations=255 (full 3):
 PSYoungGen      total 2560K, used 512K [0x00000000d5580000, 0x00000000d5980000, 0x0000000100000000)
  eden space 2048K, 0% used [0x00000000d5580000,0x00000000d5580000,0x00000000d5780000)
  from space 512K, 100% used [0x00000000d5880000,0x00000000d5900000,0x00000000d5900000)
  to   space 1024K, 0% used [0x00000000d5780000,0x00000000d5780000,0x00000000d5880000)
 ParOldGen       total 206848K, used 206468K [0x0000000080000000, 0x000000008ca00000, 0x00000000d5580000)
  object space 206848K, 99% used [0x0000000080000000,0x000000008c9a1380,0x000000008ca00000)
 Metaspace       used 80272K, committed 81984K, reserved 1179648K
  class space    used 8561K, committed 9344K, reserved 1048576K
}
Event: 1380.812 GC heap before
{Heap before GC invocations=256 (full 4):
 PSYoungGen      total 2560K, used 512K [0x00000000d5580000, 0x00000000d5980000, 0x0000000100000000)
  eden space 2048K, 0% used [0x00000000d5580000,0x00000000d5580000,0x00000000d5780000)
  from space 512K, 100% used [0x00000000d5880000,0x00000000d5900000,0x00000000d5900000)
  to   space 1024K, 0% used [0x00000000d5780000,0x00000000d5780000,0x00000000d5880000)
 ParOldGen       total 206848K, used 206468K [0x0000000080000000, 0x000000008ca00000, 0x00000000d5580000)
  object space 206848K, 99% used [0x0000000080000000,0x000000008c9a1380,0x000000008ca00000)
 Metaspace       used 80272K, committed 81984K, reserved 1179648K
  class space    used 8561K, committed 9344K, reserved 1048576K
}
Event: 1380.892 GC heap after
{Heap after GC invocations=256 (full 4):
 PSYoungGen      total 2560K, used 0K [0x00000000d5580000, 0x00000000d5980000, 0x0000000100000000)
  eden space 2048K, 0% used [0x00000000d5580000,0x00000000d5580000,0x00000000d5780000)
  from space 512K, 0% used [0x00000000d5880000,0x00000000d5880000,0x00000000d5900000)
  to   space 1024K, 0% used [0x00000000d5780000,0x00000000d5780000,0x00000000d5880000)
 ParOldGen       total 206848K, used 56511K [0x0000000080000000, 0x000000008ca00000, 0x00000000d5580000)
  object space 206848K, 27% used [0x0000000080000000,0x000000008372fcf8,0x000000008ca00000)
 Metaspace       used 80270K, committed 81984K, reserved 1179648K
  class space    used 8560K, committed 9344K, reserved 1048576K
}

